The MPI test test_mpi for C in mode normal failed to compile with the following output:
Change Dir: C:/Users/bece758/OneDrive - PNNL/Desktop/ExaSGD/exago/out/build/x64-Debug/CMakeFiles/CMakeTmp

Run Build Command(s):C:/Program Files (x86)/Microsoft Visual Studio/2019/Community/Common7/IDE/CommonExtensions/Microsoft/CMake/Ninja/ninja.exe cmTC_4f939 && [1/2] Building C object CMakeFiles\cmTC_4f939.dir\test_mpi.c.obj
FAILED: CMakeFiles/cmTC_4f939.dir/test_mpi.c.obj 
C:\PROGRA~2\MICROS~1\2019\COMMUN~1\VC\Tools\MSVC\1428~1.299\bin\Hostx64\x64\cl.exe  /nologo   /DWIN32 /D_WINDOWS /W3  /MDd /Zi /Ob0 /Od /RTC1 /showIncludes /FoCMakeFiles\cmTC_4f939.dir\test_mpi.c.obj /FdCMakeFiles\cmTC_4f939.dir\ /FS -c "C:\Program Files (x86)\Microsoft Visual Studio\2019\Community\Common7\IDE\CommonExtensions\Microsoft\CMake\CMake\share\cmake-3.19\Modules\FindMPI\test_mpi.c"
C:\Program Files (x86)\Microsoft Visual Studio\2019\Community\Common7\IDE\CommonExtensions\Microsoft\CMake\CMake\share\cmake-3.19\Modules\FindMPI\test_mpi.c(1): fatal error C1083: Cannot open include file: 'mpi.h': No such file or directory
ninja: build stopped: subcommand failed.



The MPI test test_mpi for CXX in mode normal failed to compile with the following output:
Change Dir: C:/Users/bece758/OneDrive - PNNL/Desktop/ExaSGD/exago/out/build/x64-Debug/CMakeFiles/CMakeTmp

Run Build Command(s):C:/Program Files (x86)/Microsoft Visual Studio/2019/Community/Common7/IDE/CommonExtensions/Microsoft/CMake/Ninja/ninja.exe cmTC_2ff33 && [1/2] Building CXX object CMakeFiles\cmTC_2ff33.dir\test_mpi.cpp.obj
FAILED: CMakeFiles/cmTC_2ff33.dir/test_mpi.cpp.obj 
C:\PROGRA~2\MICROS~1\2019\COMMUN~1\VC\Tools\MSVC\1428~1.299\bin\Hostx64\x64\cl.exe  /nologo /TP   /DWIN32 /D_WINDOWS /W3 /GR /EHsc  /MDd /Zi /Ob0 /Od /RTC1 /showIncludes /FoCMakeFiles\cmTC_2ff33.dir\test_mpi.cpp.obj /FdCMakeFiles\cmTC_2ff33.dir\ /FS -c "C:\Users\bece758\OneDrive - PNNL\Desktop\ExaSGD\exago\out\build\x64-Debug\CMakeFiles\FindMPI\test_mpi.cpp"
C:\Users\bece758\OneDrive - PNNL\Desktop\ExaSGD\exago\out\build\x64-Debug\CMakeFiles\FindMPI\test_mpi.cpp(1): fatal error C1083: Cannot open include file: 'mpi.h': No such file or directory
ninja: build stopped: subcommand failed.



The MPI test test_mpi for C in mode normal failed to compile with the following output:
Change Dir: C:/Users/bece758/OneDrive - PNNL/Desktop/ExaSGD/exago/out/build/x64-Debug/CMakeFiles/CMakeTmp

Run Build Command(s):C:/Program Files (x86)/Microsoft Visual Studio/2019/Community/Common7/IDE/CommonExtensions/Microsoft/CMake/Ninja/ninja.exe cmTC_7e5ad && [1/2] Building C object CMakeFiles\cmTC_7e5ad.dir\test_mpi.c.obj
FAILED: CMakeFiles/cmTC_7e5ad.dir/test_mpi.c.obj 
C:\PROGRA~2\MICROS~1\2019\COMMUN~1\VC\Tools\MSVC\1428~1.299\bin\Hostx64\x64\cl.exe  /nologo   /DWIN32 /D_WINDOWS /W3  /MDd /Zi /Ob0 /Od /RTC1 /showIncludes /FoCMakeFiles\cmTC_7e5ad.dir\test_mpi.c.obj /FdCMakeFiles\cmTC_7e5ad.dir\ /FS -c "C:\Program Files (x86)\Microsoft Visual Studio\2019\Community\Common7\IDE\CommonExtensions\Microsoft\CMake\CMake\share\cmake-3.19\Modules\FindMPI\test_mpi.c"
C:\Program Files (x86)\Microsoft Visual Studio\2019\Community\Common7\IDE\CommonExtensions\Microsoft\CMake\CMake\share\cmake-3.19\Modules\FindMPI\test_mpi.c(1): fatal error C1083: Cannot open include file: 'mpi.h': No such file or directory
ninja: build stopped: subcommand failed.



The MPI test test_mpi for CXX in mode normal failed to compile with the following output:
Change Dir: C:/Users/bece758/OneDrive - PNNL/Desktop/ExaSGD/exago/out/build/x64-Debug/CMakeFiles/CMakeTmp

Run Build Command(s):C:/Program Files (x86)/Microsoft Visual Studio/2019/Community/Common7/IDE/CommonExtensions/Microsoft/CMake/Ninja/ninja.exe cmTC_2837f && [1/2] Building CXX object CMakeFiles\cmTC_2837f.dir\test_mpi.cpp.obj
FAILED: CMakeFiles/cmTC_2837f.dir/test_mpi.cpp.obj 
C:\PROGRA~2\MICROS~1\2019\COMMUN~1\VC\Tools\MSVC\1428~1.299\bin\Hostx64\x64\cl.exe  /nologo /TP   /DWIN32 /D_WINDOWS /W3 /GR /EHsc  /MDd /Zi /Ob0 /Od /RTC1 /showIncludes /FoCMakeFiles\cmTC_2837f.dir\test_mpi.cpp.obj /FdCMakeFiles\cmTC_2837f.dir\ /FS -c "C:\Users\bece758\OneDrive - PNNL\Desktop\ExaSGD\exago\out\build\x64-Debug\CMakeFiles\FindMPI\test_mpi.cpp"
C:\Users\bece758\OneDrive - PNNL\Desktop\ExaSGD\exago\out\build\x64-Debug\CMakeFiles\FindMPI\test_mpi.cpp(1): fatal error C1083: Cannot open include file: 'mpi.h': No such file or directory
ninja: build stopped: subcommand failed.



The MPI test test_mpi for C in mode normal failed to compile with the following output:
Change Dir: C:/Users/bece758/OneDrive - PNNL/Desktop/ExaSGD/exago/out/build/x64-Debug/CMakeFiles/CMakeTmp

Run Build Command(s):C:/Program Files (x86)/Microsoft Visual Studio/2019/Community/Common7/IDE/CommonExtensions/Microsoft/CMake/Ninja/ninja.exe cmTC_bc63b && [1/2] Building C object CMakeFiles\cmTC_bc63b.dir\test_mpi.c.obj
FAILED: CMakeFiles/cmTC_bc63b.dir/test_mpi.c.obj 
C:\PROGRA~2\MICROS~1\2019\COMMUN~1\VC\Tools\MSVC\1428~1.299\bin\Hostx64\x64\cl.exe  /nologo   /DWIN32 /D_WINDOWS /W3  /MDd /Zi /Ob0 /Od /RTC1 /showIncludes /FoCMakeFiles\cmTC_bc63b.dir\test_mpi.c.obj /FdCMakeFiles\cmTC_bc63b.dir\ /FS -c "C:\Program Files (x86)\Microsoft Visual Studio\2019\Community\Common7\IDE\CommonExtensions\Microsoft\CMake\CMake\share\cmake-3.19\Modules\FindMPI\test_mpi.c"
C:\Program Files (x86)\Microsoft Visual Studio\2019\Community\Common7\IDE\CommonExtensions\Microsoft\CMake\CMake\share\cmake-3.19\Modules\FindMPI\test_mpi.c(1): fatal error C1083: Cannot open include file: 'mpi.h': No such file or directory
ninja: build stopped: subcommand failed.



The MPI test test_mpi for CXX in mode normal failed to compile with the following output:
Change Dir: C:/Users/bece758/OneDrive - PNNL/Desktop/ExaSGD/exago/out/build/x64-Debug/CMakeFiles/CMakeTmp

Run Build Command(s):C:/Program Files (x86)/Microsoft Visual Studio/2019/Community/Common7/IDE/CommonExtensions/Microsoft/CMake/Ninja/ninja.exe cmTC_596e0 && [1/2] Building CXX object CMakeFiles\cmTC_596e0.dir\test_mpi.cpp.obj
FAILED: CMakeFiles/cmTC_596e0.dir/test_mpi.cpp.obj 
C:\PROGRA~2\MICROS~1\2019\COMMUN~1\VC\Tools\MSVC\1428~1.299\bin\Hostx64\x64\cl.exe  /nologo /TP   /DWIN32 /D_WINDOWS /W3 /GR /EHsc  /MDd /Zi /Ob0 /Od /RTC1 /showIncludes /FoCMakeFiles\cmTC_596e0.dir\test_mpi.cpp.obj /FdCMakeFiles\cmTC_596e0.dir\ /FS -c "C:\Users\bece758\OneDrive - PNNL\Desktop\ExaSGD\exago\out\build\x64-Debug\CMakeFiles\FindMPI\test_mpi.cpp"
C:\Users\bece758\OneDrive - PNNL\Desktop\ExaSGD\exago\out\build\x64-Debug\CMakeFiles\FindMPI\test_mpi.cpp(1): fatal error C1083: Cannot open include file: 'mpi.h': No such file or directory
ninja: build stopped: subcommand failed.



